Exception at PC 0x00007FFD1D0FE132
Attemped to write at address 0x00007FFD503D4AA4
Printing stacktrace...

[0]  [0x00007FFD1D0FE132]
[1]  [0x00007FFD1D0FE132]
[2]  [0x00007FFD1D0FE194]
[3]  [0x00007FFD1CD4D0D7]
[4]  [0x00007FFD1CC32BCA]
[5]  [0x00007FFD1CC32FD1]
[6]  [0x00007FFD1D0FEB2F]
[7]  [0x00007FFD1CFBC19D]
[8]  [0x00007FFD1CFB5942]
[9]  [0x00007FFD1CFB5AB5]
[10] (RtlActivateActivationContextUnsafeFast+0x123) [0x00007FFDA2054143]
[11] (LdrShutdownProcess+0x125) [0x00007FFDA2060AF5]
[12] (RtlExitUserProcess+0xd8) [0x00007FFDA20609B8]
[13] (FatalExit+0xa) [0x00007FFD9FAEB19A]
[14] (exit+0x75) [0x00007FFDA1BA9CE5]
[15] (initterm_e+0x235) [0x00007FFDA1BAA345]
[16]  [0x00000000004014CD]
[17]  [0x000000000040151B]
[18] (BaseThreadInitThunk+0x14) [0x00007FFD9FAE3034]
[19] (RtlUserThreadStart+0x21) [0x00007FFDA2091551]
Done
