#-----------------------------------------------------------
# Vivado v2017.4 (64-bit)
# SW Build 2086221 on Fri Dec 15 20:55:39 MST 2017
# IP Build 2085800 on Fri Dec 15 22:25:07 MST 2017
# Start of session at: Mon May 14 19:59:54 2018
# Process ID: 9344
# Current directory: C:/Users/GaliTingus/Documents/SR_Project/tor_wizyjny
# Command line: vivado.exe -gui_launcher_event rodinguilauncherevent7324 C:\Users\GaliTingus\Documents\SR_Project\tor_wizyjny\tor_wizyjny.xpr
# Log file: C:/Users/GaliTingus/Documents/SR_Project/tor_wizyjny/vivado.log
# Journal file: C:/Users/GaliTingus/Documents/SR_Project/tor_wizyjny\vivado.jou
#-----------------------------------------------------------
start_gui
open_project C:/Users/GaliTingus/Documents/SR_Project/tor_wizyjny/tor_wizyjny.xpr
Scanning sources...
Finished scanning sources
INFO: [IP_Flow 19-234] Refreshing IP repositories
INFO: [IP_Flow 19-1700] Loaded user IP repository 'c:/Users/GaliTingus/Documents/SR_Project/IP_Module'.
INFO: [IP_Flow 19-2313] Loaded Vivado IP repository 'C:/Xilinx/Vivado/2017.4/data/ip'.
open_project: Time (s): cpu = 00:00:13 ; elapsed = 00:00:05 . Memory (MB): peak = 794.805 ; gain = 88.230
update_compile_order -fileset sources_1
save_project_as tor_test C:/Users/GaliTingus/Documents/SR_Project/tor_test -force
open_bd_design {C:/Users/GaliTingus/Documents/SR_Project/tor_test/tor_test.srcs/sources_1/bd/hdmi_vga/hdmi_vga.bd}
Adding cell -- digilentinc.com:ip:dvi2rgb:1.8 - dvi2rgb_0
CRITICAL WARNING: [BD 41-51] Could not find bus definition for the interface: TMDS 
CRITICAL WARNING: [BD 41-49] Could not find abstraction definition for the interface: TMDS 
CRITICAL WARNING: [BD 41-49] Could not find abstraction definition for the interface: TMDS 
Adding cell -- digilentinc.com:ip:rgb2vga:1.0 - rgb2vga_0
Adding cell -- xilinx.com:ip:clk_wiz:5.4 - clk_wiz_0
Adding cell -- xilinx.com:ip:xlconstant:1.1 - GND
Adding cell -- xilinx.com:ip:xlconstant:1.1 - VCC
CRITICAL WARNING: [BD 41-52] Could not find the abstraction definition specified by the vlnv: digilentinc.com:interface:tmds_rtl:1.0 
CRITICAL WARNING: [BD 41-181] Type specified by the VLNV: 'digilentinc.com:interface:tmds_rtl:1.0', cannot be found. Interface port: 'hdmi_in' cannot be created
CRITICAL WARNING: [BD 41-52] Could not find the abstraction definition specified by the vlnv: digilentinc.com:interface:tmds_rtl:1.0 
CRITICAL WARNING: [BD 41-181] Type specified by the VLNV: 'digilentinc.com:interface:tmds_rtl:1.0', cannot be found. Interface port: 'hdmi_in' cannot be created
Successfully read diagram <hdmi_vga> from BD file <C:/Users/GaliTingus/Documents/SR_Project/tor_test/tor_test.srcs/sources_1/bd/hdmi_vga/hdmi_vga.bd>
open_bd_design: Time (s): cpu = 00:00:11 ; elapsed = 00:00:08 . Memory (MB): peak = 902.102 ; gain = 105.336
reset_run impl_1 -prev_step 
launch_runs impl_1 -to_step write_bitstream -jobs 8
[Mon May 14 20:01:56 2018] Launched impl_1...
Run output will be captured here: C:/Users/GaliTingus/Documents/SR_Project/tor_test/tor_test.runs/impl_1/runme.log
reset_run impl_1 -prev_step 
exit
INFO: [Common 17-206] Exiting Vivado at Mon May 14 20:02:45 2018...
