#-----------------------------------------------------------
# Vivado v2017.4 (64-bit)
# SW Build 2086221 on Fri Dec 15 20:55:39 MST 2017
# IP Build 2085800 on Fri Dec 15 22:25:07 MST 2017
# Start of session at: Wed May 23 00:52:12 2018
# Process ID: 2300
# Current directory: C:/Users/GaliTingus/Documents/SR_Project/REKA/vp_switch_final
# Command line: vivado.exe -gui_launcher_event rodinguilauncherevent15616 C:\Users\GaliTingus\Documents\SR_Project\REKA\vp_switch_final\vp_switch_final.xpr
# Log file: C:/Users/GaliTingus/Documents/SR_Project/REKA/vp_switch_final/vivado.log
# Journal file: C:/Users/GaliTingus/Documents/SR_Project/REKA/vp_switch_final\vivado.jou
#-----------------------------------------------------------
start_gui
open_project C:/Users/GaliTingus/Documents/SR_Project/REKA/vp_switch_final/vp_switch_final.xpr
Scanning sources...
Finished scanning sources
INFO: [IP_Flow 19-234] Refreshing IP repositories
INFO: [IP_Flow 19-1700] Loaded user IP repository 'c:/Users/GaliTingus/Documents/SR_Project/IP_Module'.
INFO: [IP_Flow 19-2313] Loaded Vivado IP repository 'C:/Xilinx/Vivado/2017.4/data/ip'.
WARNING: [IP_Flow 19-2162] IP 'tresholding_0' is locked:
* IP definition 'tresholding_v1_0 (1.0)' for IP 'tresholding_0' (customized with software release 2017.4) has a different revision in the IP Catalog.
Please select 'Report IP Status' from the 'Tools/Report' menu or run Tcl command 'report_ip_status' for more information.
update_compile_order -fileset sources_1
report_ip_status -name ip_status 
upgrade_ip -vlnv xilinx.com:user:tresholding:1.0 [get_ips  tresholding_0] -log ip_upgrade.log
Upgrading 'tresholding_0'
INFO: [IP_Flow 19-3422] Upgraded tresholding_0 (tresholding_v1_0 1.0) from revision 3 to revision 5
INFO: [IP_Flow 19-1686] Generating 'Instantiation Template' target for IP 'tresholding_0'...
INFO: [Coretcl 2-1525] Wrote upgrade log to 'C:/Users/GaliTingus/Documents/SR_Project/REKA/vp_switch_final/ip_upgrade.log'.
export_ip_user_files -of_objects [get_ips tresholding_0] -no_script -sync -force -quiet
generate_target all [get_files  C:/Users/GaliTingus/Documents/SR_Project/REKA/vp_switch_final/vp_switch_final.srcs/sources_1/ip/tresholding_0/tresholding_0.xci]
INFO: [IP_Flow 19-1686] Generating 'Synthesis' target for IP 'tresholding_0'...
INFO: [IP_Flow 19-1686] Generating 'Simulation' target for IP 'tresholding_0'...
catch { config_ip_cache -export [get_ips -all tresholding_0] }
export_ip_user_files -of_objects [get_files C:/Users/GaliTingus/Documents/SR_Project/REKA/vp_switch_final/vp_switch_final.srcs/sources_1/ip/tresholding_0/tresholding_0.xci] -no_script -sync -force -quiet
create_ip_run [get_files -of_objects [get_fileset sources_1] C:/Users/GaliTingus/Documents/SR_Project/REKA/vp_switch_final/vp_switch_final.srcs/sources_1/ip/tresholding_0/tresholding_0.xci]
launch_runs -jobs 8 tresholding_0_synth_1
[Wed May 23 00:52:45 2018] Launched tresholding_0_synth_1...
Run output will be captured here: C:/Users/GaliTingus/Documents/SR_Project/REKA/vp_switch_final/vp_switch_final.runs/tresholding_0_synth_1/runme.log
export_simulation -of_objects [get_files C:/Users/GaliTingus/Documents/SR_Project/REKA/vp_switch_final/vp_switch_final.srcs/sources_1/ip/tresholding_0/tresholding_0.xci] -directory C:/Users/GaliTingus/Documents/SR_Project/REKA/vp_switch_final/vp_switch_final.ip_user_files/sim_scripts -ip_user_files_dir C:/Users/GaliTingus/Documents/SR_Project/REKA/vp_switch_final/vp_switch_final.ip_user_files -ipstatic_source_dir C:/Users/GaliTingus/Documents/SR_Project/REKA/vp_switch_final/vp_switch_final.ip_user_files/ipstatic -lib_map_path [list {modelsim=C:/Users/GaliTingus/Documents/SR_Project/REKA/vp_switch_final/vp_switch_final.cache/compile_simlib/modelsim} {questa=C:/Users/GaliTingus/Documents/SR_Project/REKA/vp_switch_final/vp_switch_final.cache/compile_simlib/questa} {riviera=C:/Users/GaliTingus/Documents/SR_Project/REKA/vp_switch_final/vp_switch_final.cache/compile_simlib/riviera} {activehdl=C:/Users/GaliTingus/Documents/SR_Project/REKA/vp_switch_final/vp_switch_final.cache/compile_simlib/activehdl}] -use_ip_compiled_libs -force -quiet
report_ip_status -name ip_status 
report_ip_status -name ip_status 
exit
INFO: [Common 17-206] Exiting Vivado at Wed May 23 00:58:39 2018...
