#-----------------------------------------------------------
# Vivado v2017.4 (64-bit)
# SW Build 2086221 on Fri Dec 15 20:55:39 MST 2017
# IP Build 2085800 on Fri Dec 15 22:25:07 MST 2017
# Start of session at: Wed May 23 00:53:32 2018
# Process ID: 3508
# Current directory: C:/Users/GaliTingus/Documents/SR_Project/REKA/vp_simple_switch
# Command line: vivado.exe -gui_launcher_event rodinguilauncherevent11708 C:\Users\GaliTingus\Documents\SR_Project\REKA\vp_simple_switch\vp_simple_switch.xpr
# Log file: C:/Users/GaliTingus/Documents/SR_Project/REKA/vp_simple_switch/vivado.log
# Journal file: C:/Users/GaliTingus/Documents/SR_Project/REKA/vp_simple_switch\vivado.jou
#-----------------------------------------------------------
start_gui
open_project C:/Users/GaliTingus/Documents/SR_Project/REKA/vp_simple_switch/vp_simple_switch.xpr
Scanning sources...
Finished scanning sources
INFO: [IP_Flow 19-234] Refreshing IP repositories
INFO: [IP_Flow 19-1700] Loaded user IP repository 'c:/Users/GaliTingus/Documents/SR_Project/IP_Module'.
INFO: [IP_Flow 19-2313] Loaded Vivado IP repository 'C:/Xilinx/Vivado/2017.4/data/ip'.
WARNING: [IP_Flow 19-2162] IP 'rgb2ycbcr_0' is locked:
* IP definition 'rgb2ycbcr_v1_0 (1.0)' for IP 'rgb2ycbcr_0' (customized with software release 2017.4) has a different revision in the IP Catalog.
Please select 'Report IP Status' from the 'Tools/Report' menu or run Tcl command 'report_ip_status' for more information.
open_project: Time (s): cpu = 00:00:13 ; elapsed = 00:00:05 . Memory (MB): peak = 780.340 ; gain = 66.949
update_compile_order -fileset sources_1
report_ip_status -name ip_status 
upgrade_ip -srcset rgb2ycbcr_0 -vlnv xilinx.com:user:rgb2ycbcr:1.0 [get_ips  rgb2ycbcr_0] -log ip_upgrade.log
Upgrading 'rgb2ycbcr_0'
INFO: [Project 1-386] Moving file 'C:/Users/GaliTingus/Documents/SR_Project/REKA/vp_simple_switch/vp_simple_switch.srcs/sources_1/ip/rgb2ycbcr_0/rgb2ycbcr_0.xci' from fileset 'rgb2ycbcr_0' to fileset 'sources_1'.
INFO: [IP_Flow 19-3422] Upgraded rgb2ycbcr_0 (rgb2ycbcr_v1_0 1.0) from revision 2 to revision 7
INFO: [IP_Flow 19-1686] Generating 'Instantiation Template' target for IP 'rgb2ycbcr_0'...
INFO: [Coretcl 2-1525] Wrote upgrade log to 'C:/Users/GaliTingus/Documents/SR_Project/REKA/vp_simple_switch/ip_upgrade.log'.
export_ip_user_files -of_objects [get_ips rgb2ycbcr_0] -no_script -sync -force -quiet
update_compile_order -fileset sources_1
report_ip_status -name ip_status 
exit
INFO: [Common 17-206] Exiting Vivado at Wed May 23 00:58:31 2018...
