Copyright 1986-2017 Xilinx, Inc. All Rights Reserved.
------------------------------------------------------------------------------------
| Tool Version : Vivado v.2017.4 (win64) Build 2086221 Fri Dec 15 20:55:39 MST 2017
| Date         : Wed May 23 01:00:29 2018
| Host         : GaliTingusPC running 64-bit major release  (build 9200)
| Command      : upgrade_ip
| Device       : xc7z010clg400-1
------------------------------------------------------------------------------------

Upgrade Log for IP 'hdmi_vga_vp_switch_final_0_0'

1. Summary
----------

SUCCESS in the upgrade of hdmi_vga_vp_switch_final_0_0 (xilinx.com:user:vp_switch_final:1.0) from (Rev. 7) to (Rev. 8)






Copyright 1986-2017 Xilinx, Inc. All Rights Reserved.
------------------------------------------------------------------------------------
| Tool Version : Vivado v.2017.4 (win64) Build 2086221 Fri Dec 15 20:55:39 MST 2017
| Date         : Wed May 23 00:11:31 2018
| Host         : GaliTingusPC running 64-bit major release  (build 9200)
| Command      : upgrade_ip
| Device       : xc7z010clg400-1
------------------------------------------------------------------------------------

Upgrade Log for IP 'hdmi_vga_vp_switch_final_0_0'

1. Summary
----------

SUCCESS in the upgrade of hdmi_vga_vp_switch_final_0_0 (xilinx.com:user:vp_switch_final:1.0) from (Rev. 2) to (Rev. 7)

