#-----------------------------------------------------------
# Vivado v2017.4 (64-bit)
# SW Build 2086221 on Fri Dec 15 20:55:39 MST 2017
# IP Build 2085800 on Fri Dec 15 22:25:07 MST 2017
# Start of session at: Tue Jun  5 10:59:00 2018
# Process ID: 15148
# Current directory: C:/Users/GaliTingus/Documents/SR_Project/REKA/tor_final
# Command line: vivado.exe -gui_launcher_event rodinguilauncherevent5316 C:\Users\GaliTingus\Documents\SR_Project\REKA\tor_final\tor_final.xpr
# Log file: C:/Users/GaliTingus/Documents/SR_Project/REKA/tor_final/vivado.log
# Journal file: C:/Users/GaliTingus/Documents/SR_Project/REKA/tor_final\vivado.jou
#-----------------------------------------------------------
start_gui
open_project C:/Users/GaliTingus/Documents/SR_Project/REKA/tor_final/tor_final.xpr
INFO: [Project 1-313] Project file moved from '/home/lsriw/sr/HyjekDaniel/SR_Project/REKA/tor_final' since last save.
Scanning sources...
Finished scanning sources
INFO: [IP_Flow 19-234] Refreshing IP repositories
INFO: [IP_Flow 19-1700] Loaded user IP repository 'c:/Users/GaliTingus/Documents/SR_Project/IP_Module'.
INFO: [IP_Flow 19-2313] Loaded Vivado IP repository 'C:/Xilinx/Vivado/2017.4/data/ip'.
open_project: Time (s): cpu = 00:00:13 ; elapsed = 00:00:07 . Memory (MB): peak = 735.914 ; gain = 81.035
update_compile_order -fileset sources_1
report_ip_status -name ip_status 
reset_run synth_1
launch_runs impl_1 -to_step write_bitstream -jobs 8
[Tue Jun  5 10:59:57 2018] Launched synth_1...
Run output will be captured here: C:/Users/GaliTingus/Documents/SR_Project/REKA/tor_final/tor_final.runs/synth_1/runme.log
[Tue Jun  5 10:59:57 2018] Launched impl_1...
Run output will be captured here: C:/Users/GaliTingus/Documents/SR_Project/REKA/tor_final/tor_final.runs/impl_1/runme.log
exit
INFO: [Common 17-206] Exiting Vivado at Tue Jun  5 11:03:48 2018...
